Using pre-set license
Built from '2021.1/staging' branch; Version is '2021.1.3f1 (4bef613afd59) revision 4976481'; Using compiler version '192528614'; Build Type 'Release'
OS: 'Windows 10 Home Single Language; OS build 19042.928; Version 2009; 64bit' Language: 'ru' Physical Memory: 16322 MB
BatchMode: 1, IsHumanControllingUs: 0, StartBugReporterOnCrash: 0, Is64bit: 1, IsPro: 0

 COMMAND LINE ARGUMENTS:
C:\Program Files\Unity\Hub\Editor\2021.1.3f1\Editor\Unity.exe
-adb2
-batchMode
-noUpm
-name
AssetImportWorker1
-projectPath
D:/game-quest/unity/AR
-logFile
Logs/AssetImportWorker1.log
-srvPort
52147
Successfully changed project path to: D:/game-quest/unity/AR
D:/game-quest/unity/AR
Using Asset Import Pipeline V2.
Refreshing native plugins compatible for Editor in 94.03 ms, found 1 plugins.
Preloading 0 native plugins for Editor in 0.00 ms.
Initialize engine version: 2021.1.3f1 (4bef613afd59)
[Subsystems] Discovering subsystems at path C:/Program Files/Unity/Hub/Editor/2021.1.3f1/Editor/Data/Resources/UnitySubsystems
[Subsystems] Discovering subsystems at path D:/game-quest/unity/AR/Assets
GfxDevice: creating device client; threaded=0; jobified=0
Direct3D:
    Version:  Direct3D 11.0 [level 11.1]
    Renderer: NVIDIA GeForce GTX 1080 (ID=0x1b80)
    Vendor:   NVIDIA
    VRAM:     8079 MB
    Driver:   27.21.14.6611
Initialize mono
Mono path[0] = 'C:/Program Files/Unity/Hub/Editor/2021.1.3f1/Editor/Data/Managed'
Mono path[1] = 'C:/Program Files/Unity/Hub/Editor/2021.1.3f1/Editor/Data/MonoBleedingEdge/lib/mono/unityjit'
Mono config path = 'C:/Program Files/Unity/Hub/Editor/2021.1.3f1/Editor/Data/MonoBleedingEdge/etc'
Using monoOptions --debugger-agent=transport=dt_socket,embedding=1,server=y,suspend=n,address=127.0.0.1:56828
Begin MonoManager ReloadAssembly
Registering precompiled unity dll's ...
Register platform support module: C:/Program Files/Unity/Hub/Editor/2021.1.3f1/Editor/Data/PlaybackEngines/WindowsStandaloneSupport/UnityEditor.WindowsStandalone.Extensions.dll
Registered in 0.002524 seconds.
Native extension for WindowsStandalone target not found
Refreshing native plugins compatible for Editor in 91.73 ms, found 1 plugins.
Preloading 0 native plugins for Editor in 0.00 ms.
Mono: successfully reloaded assembly
- Completed reload, in  2.338 seconds
Platform modules already initialized, skipping
Registering precompiled user dll's ...
Registered in 0.003585 seconds.
Begin MonoManager ReloadAssembly
Native extension for WindowsStandalone target not found
Refreshing native plugins compatible for Editor in 0.56 ms, found 1 plugins.
Preloading 0 native plugins for Editor in 0.00 ms.
Mono: successfully reloaded assembly
- Completed reload, in  1.179 seconds
Platform modules already initialized, skipping
========================================================================
Worker process is ready to serve import requests
Launched and connected shader compiler UnityShaderCompiler.exe after 0.09 seconds
Refreshing native plugins compatible for Editor in 0.55 ms, found 1 plugins.
Preloading 0 native plugins for Editor in 0.00 ms.
Unloading 3012 Unused Serialized files (Serialized files now loaded: 0)
System memory in use before: 108.8 MB.
System memory in use after: 108.9 MB.

Unloading 17 unused Assets to reduce memory usage. Loaded Objects now: 3465.
Total: 2.511000 ms (FindLiveObjects: 0.451300 ms CreateObjectMapping: 0.166400 ms MarkObjects: 1.805100 ms  DeleteObjects: 0.086400 ms)

========================================================================
Received Import Request.
  path: Assets/Script/ProgrammManager.cs
  artifactKey: Guid(d5bad084f8da98446a1218c8fd84a2b0) Importer(815301076,1909f56bfc062723c751e8b465ee728b)
Start importing Assets/Script/ProgrammManager.cs using Guid(d5bad084f8da98446a1218c8fd84a2b0) Importer(815301076,1909f56bfc062723c751e8b465ee728b)  -> (artifact id: '4c840512463c18894994a1cb239894de') in 0.074880 seconds 
========================================================================
Received Prepare
Registering precompiled user dll's ...
Registered in 0.005038 seconds.
Begin MonoManager ReloadAssembly
Native extension for WindowsStandalone target not found
Refreshing native plugins compatible for Editor in 0.79 ms, found 1 plugins.
Preloading 0 native plugins for Editor in 0.00 ms.
Mono: successfully reloaded assembly
- Completed reload, in  1.223 seconds
Platform modules already initialized, skipping
Switching build target platform(19) subTarget(0) extendedPlatform(0) -> platform(13) subTarget(524288) extendedPlatform(0)
Refreshing native plugins compatible for Editor in 0.82 ms, found 1 plugins.
Preloading 0 native plugins for Editor in 0.00 ms.
Unloading 3006 Unused Serialized files (Serialized files now loaded: 0)
System memory in use before: 108.5 MB.
System memory in use after: 108.7 MB.

Unloading 12 unused Assets to reduce memory usage. Loaded Objects now: 3469.
Total: 4.584200 ms (FindLiveObjects: 0.477400 ms CreateObjectMapping: 0.361700 ms MarkObjects: 3.648600 ms  DeleteObjects: 0.084100 ms)

AssetImportParameters requested are different than current active one (requested -> active):
  custom:graphics/normal-map-encoding: 01000000000000000000000000000000 -> 02000000000000000000000000000000
========================================================================
Received Prepare
Registering precompiled user dll's ...
Registered in 0.003594 seconds.
Begin MonoManager ReloadAssembly
Native extension for WindowsStandalone target not found
Refreshing native plugins compatible for Editor in 0.90 ms, found 1 plugins.
Preloading 0 native plugins for Editor in 0.00 ms.
Mono: successfully reloaded assembly
- Completed reload, in  1.256 seconds
Platform modules already initialized, skipping
Switching build target platform(19) subTarget(0) extendedPlatform(0) -> platform(13) subTarget(524288) extendedPlatform(0)
Refreshing native plugins compatible for Editor in 0.87 ms, found 1 plugins.
Preloading 0 native plugins for Editor in 0.00 ms.
Unloading 3006 Unused Serialized files (Serialized files now loaded: 0)
System memory in use before: 108.5 MB.
System memory in use after: 108.7 MB.

Unloading 12 unused Assets to reduce memory usage. Loaded Objects now: 3473.
Total: 3.623100 ms (FindLiveObjects: 0.402900 ms CreateObjectMapping: 0.375900 ms MarkObjects: 2.783500 ms  DeleteObjects: 0.059400 ms)

AssetImportParameters requested are different than current active one (requested -> active):
  custom:graphics/normal-map-encoding: 01000000000000000000000000000000 -> 02000000000000000000000000000000
========================================================================
Received Prepare
Registering precompiled user dll's ...
Registered in 0.003886 seconds.
Begin MonoManager ReloadAssembly
Native extension for WindowsStandalone target not found
Refreshing native plugins compatible for Editor in 1.00 ms, found 1 plugins.
Preloading 0 native plugins for Editor in 0.00 ms.
Mono: successfully reloaded assembly
- Completed reload, in  1.182 seconds
Platform modules already initialized, skipping
Switching build target platform(19) subTarget(0) extendedPlatform(0) -> platform(13) subTarget(524288) extendedPlatform(0)
Refreshing native plugins compatible for Editor in 0.64 ms, found 1 plugins.
Preloading 0 native plugins for Editor in 0.00 ms.
Unloading 3006 Unused Serialized files (Serialized files now loaded: 0)
System memory in use before: 108.6 MB.
System memory in use after: 108.8 MB.

Unloading 11 unused Assets to reduce memory usage. Loaded Objects now: 3478.
Total: 3.005400 ms (FindLiveObjects: 0.315800 ms CreateObjectMapping: 0.193900 ms MarkObjects: 2.436500 ms  DeleteObjects: 0.057500 ms)

AssetImportParameters requested are different than current active one (requested -> active):
  custom:graphics/normal-map-encoding: 01000000000000000000000000000000 -> 02000000000000000000000000000000
========================================================================
Received Prepare
Refreshing native plugins compatible for Editor in 2.50 ms, found 1 plugins.
Preloading 0 native plugins for Editor in 0.00 ms.
Unloading 8 Unused Serialized files (Serialized files now loaded: 0)
System memory in use before: 48.9 MB.
System memory in use after: 49.1 MB.

Unloading 8 unused Assets to reduce memory usage. Loaded Objects now: 3478.
Total: 3.397200 ms (FindLiveObjects: 0.385400 ms CreateObjectMapping: 0.217800 ms MarkObjects: 2.731100 ms  DeleteObjects: 0.061500 ms)

========================================================================
Received Import Request.
  Time since last request: 7115.338138 seconds.
  path: Packages/com.unity.xr.arfoundation/Tests/CodeSamples/Unity.XR.ARFoundation.CodeSamples.Tests.asmdef
  artifactKey: Guid(3bdd7457c03d749c18d130bda2fa8ec2) Importer(815301076,1909f56bfc062723c751e8b465ee728b)
Start importing Packages/com.unity.xr.arfoundation/Tests/CodeSamples/Unity.XR.ARFoundation.CodeSamples.Tests.asmdef using Guid(3bdd7457c03d749c18d130bda2fa8ec2) Importer(815301076,1909f56bfc062723c751e8b465ee728b)  -> (artifact id: '7496ad770c566af406377e8ac8367d45') in 0.027065 seconds 
========================================================================
Received Import Request.
  Time since last request: 4.270278 seconds.
  path: Packages/com.unity.xr.arfoundation/Tests/Editor/Unity.XR.ARFoundation.Editor.Tests.asmdef
  artifactKey: Guid(38f077d5b26004b23a92d4cf1d38e163) Importer(815301076,1909f56bfc062723c751e8b465ee728b)
Start importing Packages/com.unity.xr.arfoundation/Tests/Editor/Unity.XR.ARFoundation.Editor.Tests.asmdef using Guid(38f077d5b26004b23a92d4cf1d38e163) Importer(815301076,1909f56bfc062723c751e8b465ee728b)  -> (artifact id: 'd0f183b8d15aa92b6c9b988689cbf996') in 0.002657 seconds 
========================================================================
Received Import Request.
  Time since last request: 0.391343 seconds.
  path: Packages/com.unity.xr.arfoundation/Tests/Runtime/Unity.XR.ARFoundation.Runtime.Tests.asmdef
  artifactKey: Guid(837c14ed651d4f64b6a0abb5eb836fdc) Importer(815301076,1909f56bfc062723c751e8b465ee728b)
Start importing Packages/com.unity.xr.arfoundation/Tests/Runtime/Unity.XR.ARFoundation.Runtime.Tests.asmdef using Guid(837c14ed651d4f64b6a0abb5eb836fdc) Importer(815301076,1909f56bfc062723c751e8b465ee728b)  -> (artifact id: 'cc36ba2c0e96aa7c83715d4e1cbbcb6e') in 0.002879 seconds 
========================================================================
Received Import Request.
  Time since last request: 3.276070 seconds.
  path: Packages/com.unity.xr.arfoundation/Tests/CodeSamples/RaycastSamples.cs
  artifactKey: Guid(ea8e2a403d0d94ebcbe7d79d120beb28) Importer(815301076,1909f56bfc062723c751e8b465ee728b)
Start importing Packages/com.unity.xr.arfoundation/Tests/CodeSamples/RaycastSamples.cs using Guid(ea8e2a403d0d94ebcbe7d79d120beb28) Importer(815301076,1909f56bfc062723c751e8b465ee728b)  -> (artifact id: 'a4148a2471ddb4b39871cad79818f08b') in 0.002763 seconds 
========================================================================
Received Prepare
Registering precompiled user dll's ...
Registered in 0.046765 seconds.
Begin MonoManager ReloadAssembly
Native extension for WindowsStandalone target not found
Refreshing native plugins compatible for Editor in 0.55 ms, found 1 plugins.
Preloading 0 native plugins for Editor in 0.00 ms.
Mono: successfully reloaded assembly
- Completed reload, in  1.328 seconds
Platform modules already initialized, skipping
Switching build target platform(19) subTarget(0) extendedPlatform(0) -> platform(13) subTarget(524288) extendedPlatform(0)
Refreshing native plugins compatible for Editor in 0.57 ms, found 1 plugins.
Preloading 0 native plugins for Editor in 0.00 ms.
Unloading 3005 Unused Serialized files (Serialized files now loaded: 0)
System memory in use before: 108.5 MB.
System memory in use after: 108.7 MB.

Unloading 11 unused Assets to reduce memory usage. Loaded Objects now: 3482.
Total: 2.634900 ms (FindLiveObjects: 0.285800 ms CreateObjectMapping: 0.186500 ms MarkObjects: 2.079400 ms  DeleteObjects: 0.081700 ms)

AssetImportParameters requested are different than current active one (requested -> active):
  custom:graphics/normal-map-encoding: 01000000000000000000000000000000 -> 02000000000000000000000000000000
========================================================================
Received Prepare
Refreshing native plugins compatible for Editor in 2.78 ms, found 1 plugins.
Preloading 0 native plugins for Editor in 0.00 ms.
Unloading 8 Unused Serialized files (Serialized files now loaded: 0)
System memory in use before: 48.9 MB.
System memory in use after: 49.1 MB.

Unloading 8 unused Assets to reduce memory usage. Loaded Objects now: 3482.
Total: 3.031400 ms (FindLiveObjects: 0.329000 ms CreateObjectMapping: 0.188600 ms MarkObjects: 2.458700 ms  DeleteObjects: 0.054000 ms)

AssetImportWorkerClient::OnTransportError - code=2 error=End of file
