Using pre-set license
Built from '2021.1/staging' branch; Version is '2021.1.3f1 (4bef613afd59) revision 4976481'; Using compiler version '192528614'; Build Type 'Release'
OS: 'Windows 10 Home Single Language; OS build 19042.928; Version 2009; 64bit' Language: 'ru' Physical Memory: 16322 MB
BatchMode: 1, IsHumanControllingUs: 0, StartBugReporterOnCrash: 0, Is64bit: 1, IsPro: 0

 COMMAND LINE ARGUMENTS:
C:\Program Files\Unity\Hub\Editor\2021.1.3f1\Editor\Unity.exe
-adb2
-batchMode
-noUpm
-name
AssetImportWorker0
-projectPath
D:/game-quest/unity/AR
-logFile
Logs/AssetImportWorker0.log
-srvPort
52894
Successfully changed project path to: D:/game-quest/unity/AR
D:/game-quest/unity/AR
Using Asset Import Pipeline V2.
Refreshing native plugins compatible for Editor in 93.40 ms, found 1 plugins.
Preloading 0 native plugins for Editor in 0.00 ms.
Initialize engine version: 2021.1.3f1 (4bef613afd59)
[Subsystems] Discovering subsystems at path C:/Program Files/Unity/Hub/Editor/2021.1.3f1/Editor/Data/Resources/UnitySubsystems
[Subsystems] Discovering subsystems at path D:/game-quest/unity/AR/Assets
GfxDevice: creating device client; threaded=0; jobified=0
Direct3D:
    Version:  Direct3D 11.0 [level 11.1]
    Renderer: NVIDIA GeForce GTX 1080 (ID=0x1b80)
    Vendor:   NVIDIA
    VRAM:     8079 MB
    Driver:   27.21.14.6611
Initialize mono
Mono path[0] = 'C:/Program Files/Unity/Hub/Editor/2021.1.3f1/Editor/Data/Managed'
Mono path[1] = 'C:/Program Files/Unity/Hub/Editor/2021.1.3f1/Editor/Data/MonoBleedingEdge/lib/mono/unityjit'
Mono config path = 'C:/Program Files/Unity/Hub/Editor/2021.1.3f1/Editor/Data/MonoBleedingEdge/etc'
Using monoOptions --debugger-agent=transport=dt_socket,embedding=1,server=y,suspend=n,address=127.0.0.1:56332
Begin MonoManager ReloadAssembly
Registering precompiled unity dll's ...
Register platform support module: C:/Program Files/Unity/Hub/Editor/2021.1.3f1/Editor/Data/PlaybackEngines/WindowsStandaloneSupport/UnityEditor.WindowsStandalone.Extensions.dll
Registered in 0.002667 seconds.
Native extension for WindowsStandalone target not found
Refreshing native plugins compatible for Editor in 104.65 ms, found 1 plugins.
Preloading 0 native plugins for Editor in 0.00 ms.
Mono: successfully reloaded assembly
- Completed reload, in  2.331 seconds
Platform modules already initialized, skipping
Registering precompiled user dll's ...
Registered in 0.003636 seconds.
Begin MonoManager ReloadAssembly
Native extension for WindowsStandalone target not found
Refreshing native plugins compatible for Editor in 0.67 ms, found 1 plugins.
Preloading 0 native plugins for Editor in 0.00 ms.
Mono: successfully reloaded assembly
- Completed reload, in  1.251 seconds
Platform modules already initialized, skipping
========================================================================
Worker process is ready to serve import requests
Launched and connected shader compiler UnityShaderCompiler.exe after 0.08 seconds
Refreshing native plugins compatible for Editor in 0.54 ms, found 1 plugins.
Preloading 0 native plugins for Editor in 0.00 ms.
Unloading 3018 Unused Serialized files (Serialized files now loaded: 0)
System memory in use before: 109.1 MB.
System memory in use after: 109.2 MB.

Unloading 17 unused Assets to reduce memory usage. Loaded Objects now: 3472.
Total: 2.650500 ms (FindLiveObjects: 0.346300 ms CreateObjectMapping: 0.174500 ms MarkObjects: 2.043500 ms  DeleteObjects: 0.085100 ms)

========================================================================
Received Import Request.
  path: Assets/UI/exit_p.png
  artifactKey: Guid(17773b95a5cf7e34088b56a49a851eab) Importer(815301076,1909f56bfc062723c751e8b465ee728b)
Start importing Assets/UI/exit_p.png using Guid(17773b95a5cf7e34088b56a49a851eab) Importer(815301076,1909f56bfc062723c751e8b465ee728b)  -> (artifact id: 'a99291f3826578e2a20164a296da02fb') in 0.177755 seconds 
========================================================================
Received Import Request.
  Time since last request: 0.000307 seconds.
  path: Assets/UI/reload_s.png
  artifactKey: Guid(19be6ccd144c35f498a7a03a35edae5e) Importer(815301076,1909f56bfc062723c751e8b465ee728b)
Start importing Assets/UI/reload_s.png using Guid(19be6ccd144c35f498a7a03a35edae5e) Importer(815301076,1909f56bfc062723c751e8b465ee728b)  -> (artifact id: 'f848a0f8d2c2436ce88ca47b5748ec33') in 0.025164 seconds 
========================================================================
Received Import Request.
  Time since last request: 0.000258 seconds.
  path: Assets/UI/exit_s.png
  artifactKey: Guid(6512154de6a0f66438370e0dd76799f9) Importer(815301076,1909f56bfc062723c751e8b465ee728b)
Start importing Assets/UI/exit_s.png using Guid(6512154de6a0f66438370e0dd76799f9) Importer(815301076,1909f56bfc062723c751e8b465ee728b)  -> (artifact id: '651916885bbdeba46a40650a7fb6d252') in 0.009591 seconds 
========================================================================
Received Import Request.
  Time since last request: 0.000379 seconds.
  path: Assets/UI/reload_p.png
  artifactKey: Guid(34b23ff72ce1c2547995baca1346e47b) Importer(815301076,1909f56bfc062723c751e8b465ee728b)
Start importing Assets/UI/reload_p.png using Guid(34b23ff72ce1c2547995baca1346e47b) Importer(815301076,1909f56bfc062723c751e8b465ee728b)  -> (artifact id: '93ca8d688f90fb35035c416119df922b') in 0.012242 seconds 
AssetImportWorkerClient::OnTransportError - code=2 error=End of file
